<?xml version="1.0" encoding="UTF-8"?>
<testng-results total="1" passed="1" failed="0" skipped="0">
  <reporter-output>
  </reporter-output>
  <suite started-at="2020-05-24T16:16:58Z" name="Surefire suite" finished-at="2020-05-24T16:16:58Z" duration-ms="100">
    <groups>
    </groups>
    <test started-at="2020-05-24T16:16:58Z" name="Surefire test" finished-at="2020-05-24T16:16:58Z" duration-ms="100">
      <class name="com.main.AppTest">
        <test-method signature="shouldAnswerWithTrue()[pri:0, instance:shouldAnswerWithTrue(com.main.AppTest)]" started-at="2020-05-24T21:46:58Z" name="shouldAnswerWithTrue" finished-at="2020-05-24T21:46:58Z" duration-ms="2" status="PASS">
          <reporter-output>
          </reporter-output>
        </test-method> <!-- shouldAnswerWithTrue -->
      </class> <!-- com.main.AppTest -->
    </test> <!-- Surefire test -->
  </suite> <!-- Surefire suite -->
</testng-results>
