<?xml version="1.0" encoding="UTF-8"?>
<!-- Generated by org.testng.reporters.JUnitXMLReporter -->
<testsuite hostname="SHIVRON-LAPTOP" failures="0" tests="8" name="DemoTest" time="69.971" errors="0" timestamp="4 Jun 2020 15:48:55 GMT">
  <testcase classname="com.main.App" name="shouldAnswerWithTrue" time="0.012"/>
  <testcase classname="com.main.Test123" name="AlertCheck" time="20.309"/>
  <testcase classname="com.main.Test123" name="AlertCheck" time="9.238"/>
  <testcase classname="com.main.Test123" name="AutoSuggesstions" time="10.26"/>
  <testcase classname="com.main.Test123" name="CheckBox" time="5.749"/>
  <testcase classname="com.main.Test123" name="CheckBox" time="5.72"/>
  <testcase classname="com.main.Test123" name="CheckBox" time="6.795"/>
  <testcase classname="com.main.Test123" name="paramTest" time="4.926"/>
</testsuite> <!-- DemoTest -->
