<?xml version="1.0" encoding="UTF-8"?>
<testng-results total="1" passed="1" failed="0" skipped="0">
  <reporter-output>
  </reporter-output>
  <suite started-at="2020-05-24T16:16:42Z" name="Surefire suite" finished-at="2020-05-24T16:16:57Z" duration-ms="15538">
    <groups>
    </groups>
    <test started-at="2020-05-24T16:16:42Z" name="Surefire test" finished-at="2020-05-24T16:16:57Z" duration-ms="15538">
      <class name="com.main.Test123">
        <test-method is-config="true" signature="initializeDriver()[pri:0, instance:com.main.Test123@6a192cfe]" started-at="2020-05-24T21:46:42Z" name="initializeDriver" finished-at="2020-05-24T21:46:47Z" duration-ms="4749" status="PASS">
          <reporter-output>
          </reporter-output>
        </test-method> <!-- initializeDriver -->
        <test-method signature="AlertCheck()[pri:0, instance:com.main.Test123@6a192cfe]" started-at="2020-05-24T21:46:47Z" name="AlertCheck" finished-at="2020-05-24T21:46:57Z" duration-ms="10765" status="PASS">
          <reporter-output>
          </reporter-output>
        </test-method> <!-- AlertCheck -->
      </class> <!-- com.main.Test123 -->
    </test> <!-- Surefire test -->
  </suite> <!-- Surefire suite -->
</testng-results>
