<?xml version="1.0" encoding="UTF-8"?>
<!-- Generated by org.testng.reporters.JUnitXMLReporter -->
<testsuite hostname="SHIVRON-LAPTOP" failures="0" tests="8" name="DemoTest" time="22.116" errors="0" timestamp="3 Jun 2020 16:14:37 GMT">
  <testcase classname="com.main.App" name="shouldAnswerWithTrue" time="0.002"/>
  <testcase classname="com.main.Test123" name="AlertCheck" time="5.759"/>
  <testcase classname="com.main.Test123" name="AlertCheck" time="1.747"/>
  <testcase classname="com.main.Test123" name="AutoSuggesstions" time="4.085"/>
  <testcase classname="com.main.Test123" name="CheckBox" time="1.689"/>
  <testcase classname="com.main.Test123" name="CheckBox" time="1.782"/>
  <testcase classname="com.main.Test123" name="CheckBox" time="1.554"/>
  <testcase classname="com.main.Test123" name="paramTest" time="1.189"/>
</testsuite> <!-- DemoTest -->
