<?xml version="1.0" encoding="UTF-8"?>
<testng-results total="6" passed="5" failed="1" skipped="0">
  <reporter-output>
  </reporter-output>
  <suite started-at="2020-06-16T19:27:25Z" name="Suite" finished-at="2020-06-16T19:27:42Z" duration-ms="16480">
    <groups>
      <group name="Reg">
        <method signature="Test123.AlertCheck(java.lang.String)[pri:0, instance:com.main.Test123@21a21c64]" name="AlertCheck" class="com.main.Test123"/>
        <method signature="Test123.AutoSuggesstions()[pri:0, instance:com.main.Test123@21a21c64]" name="AutoSuggesstions" class="com.main.Test123"/>
        <method signature="Test123.paramTest(java.lang.String)[pri:0, instance:com.main.Test123@21a21c64]" name="paramTest" class="com.main.Test123"/>
      </group> <!-- Reg -->
      <group name="Smoke">
        <method signature="App.shouldAnswerWithTrue()[pri:0, instance:com.main.App@24111ef1]" name="shouldAnswerWithTrue" class="com.main.App"/>
        <method signature="Test123.CheckBox()[pri:0, instance:com.main.Test123@21a21c64]" name="CheckBox" class="com.main.Test123"/>
        <method signature="Test123.paramTest(java.lang.String)[pri:0, instance:com.main.Test123@21a21c64]" name="paramTest" class="com.main.Test123"/>
      </group> <!-- Smoke -->
    </groups>
    <test started-at="2020-06-16T19:27:25Z" name="ChromeTest" finished-at="2020-06-16T19:27:41Z" duration-ms="16068">
      <class name="com.main.App">
        <test-method signature="shouldAnswerWithTrue()[pri:0, instance:com.main.App@24111ef1]" started-at="2020-06-17T00:57:29Z" name="shouldAnswerWithTrue" finished-at="2020-06-17T00:57:29Z" duration-ms="14" status="PASS">
          <reporter-output>
          </reporter-output>
        </test-method> <!-- shouldAnswerWithTrue -->
      </class> <!-- com.main.App -->
      <class name="com.main.Test123">
        <test-method is-config="true" signature="initializeDriver()[pri:0, instance:com.main.Test123@21a21c64]" started-at="2020-06-17T00:57:25Z" name="initializeDriver" finished-at="2020-06-17T00:57:29Z" duration-ms="3941" status="PASS">
          <reporter-output>
          </reporter-output>
        </test-method> <!-- initializeDriver -->
        <test-method signature="AlertCheck(java.lang.String)[pri:0, instance:com.main.Test123@21a21c64]" started-at="2020-06-17T00:57:29Z" name="AlertCheck" data-provider="getAlertName" finished-at="2020-06-17T00:57:35Z" duration-ms="5738" status="PASS">
          <params>
            <param index="0">
              <value>
                <![CDATA[Nami]]>
              </value>
            </param>
          </params>
          <reporter-output>
          </reporter-output>
        </test-method> <!-- AlertCheck -->
        <test-method signature="AlertCheck(java.lang.String)[pri:0, instance:com.main.Test123@21a21c64]" started-at="2020-06-17T00:57:35Z" name="AlertCheck" data-provider="getAlertName" finished-at="2020-06-17T00:57:36Z" duration-ms="993" status="PASS">
          <params>
            <param index="0">
              <value>
                <![CDATA[Shiv]]>
              </value>
            </param>
          </params>
          <reporter-output>
          </reporter-output>
        </test-method> <!-- AlertCheck -->
        <test-method signature="AutoSuggesstions()[pri:0, instance:com.main.Test123@21a21c64]" started-at="2020-06-17T00:57:36Z" name="AutoSuggesstions" finished-at="2020-06-17T00:57:38Z" duration-ms="1643" status="PASS">
          <reporter-output>
          </reporter-output>
        </test-method> <!-- AutoSuggesstions -->
        <test-method signature="CheckBox()[pri:0, instance:com.main.Test123@21a21c64]" started-at="2020-06-17T00:57:38Z" name="CheckBox" finished-at="2020-06-17T00:57:39Z" duration-ms="1148" status="FAIL">
          <exception class="org.openqa.selenium.NoSuchElementException">
            <message>
              <![CDATA[no such element: Unable to locate element: {"method":"css selector","selector":"#checkBoxOption"}
  (Session info: chrome=83.0.4103.106)
For documentation on this error, please visit: https://www.seleniumhq.org/exceptions/no_such_element.html
Build info: version: '3.141.59', revision: 'e82be7d358', time: '2018-11-14T08:17:03'
System info: host: 'SHIVRON-LAPTOP', ip: '192.168.0.103', os.name: 'Windows 10', os.arch: 'amd64', os.version: '10.0', java.version: '11.0.7'
Driver info: org.openqa.selenium.chrome.ChromeDriver
Capabilities {acceptInsecureCerts: false, browserName: chrome, browserVersion: 83.0.4103.106, chrome: {chromedriverVersion: 83.0.4103.39 (ccbf011cb2d2b..., userDataDir: C:\Users\Shiv\AppData\Local...}, goog:chromeOptions: {debuggerAddress: localhost:65068}, javascriptEnabled: true, networkConnectionEnabled: false, pageLoadStrategy: normal, platform: WINDOWS, platformName: WINDOWS, proxy: Proxy(), setWindowRect: true, strictFileInteractability: false, timeouts: {implicit: 0, pageLoad: 300000, script: 30000}, unhandledPromptBehavior: dismiss and notify, webauthn:virtualAuthenticators: true}
Session ID: c94bca6e7c4675606996639947a9dd85
*** Element info: {Using=id, value=checkBoxOption}]]>
            </message>
            <full-stacktrace>
              <![CDATA[org.openqa.selenium.NoSuchElementException: no such element: Unable to locate element: {"method":"css selector","selector":"#checkBoxOption"}
  (Session info: chrome=83.0.4103.106)
For documentation on this error, please visit: https://www.seleniumhq.org/exceptions/no_such_element.html
Build info: version: '3.141.59', revision: 'e82be7d358', time: '2018-11-14T08:17:03'
System info: host: 'SHIVRON-LAPTOP', ip: '192.168.0.103', os.name: 'Windows 10', os.arch: 'amd64', os.version: '10.0', java.version: '11.0.7'
Driver info: org.openqa.selenium.chrome.ChromeDriver
Capabilities {acceptInsecureCerts: false, browserName: chrome, browserVersion: 83.0.4103.106, chrome: {chromedriverVersion: 83.0.4103.39 (ccbf011cb2d2b..., userDataDir: C:\Users\Shiv\AppData\Local...}, goog:chromeOptions: {debuggerAddress: localhost:65068}, javascriptEnabled: true, networkConnectionEnabled: false, pageLoadStrategy: normal, platform: WINDOWS, platformName: WINDOWS, proxy: Proxy(), setWindowRect: true, strictFileInteractability: false, timeouts: {implicit: 0, pageLoad: 300000, script: 30000}, unhandledPromptBehavior: dismiss and notify, webauthn:virtualAuthenticators: true}
Session ID: c94bca6e7c4675606996639947a9dd85
*** Element info: {Using=id, value=checkBoxOption}
	at java.base/jdk.internal.reflect.NativeConstructorAccessorImpl.newInstance0(Native Method)
	at java.base/jdk.internal.reflect.NativeConstructorAccessorImpl.newInstance(NativeConstructorAccessorImpl.java:62)
	at java.base/jdk.internal.reflect.DelegatingConstructorAccessorImpl.newInstance(DelegatingConstructorAccessorImpl.java:45)
	at java.base/java.lang.reflect.Constructor.newInstance(Constructor.java:490)
	at org.openqa.selenium.remote.http.W3CHttpResponseCodec.createException(W3CHttpResponseCodec.java:187)
	at org.openqa.selenium.remote.http.W3CHttpResponseCodec.decode(W3CHttpResponseCodec.java:122)
	at org.openqa.selenium.remote.http.W3CHttpResponseCodec.decode(W3CHttpResponseCodec.java:49)
	at org.openqa.selenium.remote.HttpCommandExecutor.execute(HttpCommandExecutor.java:158)
	at org.openqa.selenium.remote.service.DriverCommandExecutor.execute(DriverCommandExecutor.java:83)
	at org.openqa.selenium.remote.RemoteWebDriver.execute(RemoteWebDriver.java:552)
	at org.openqa.selenium.remote.RemoteWebDriver.findElement(RemoteWebDriver.java:323)
	at org.openqa.selenium.remote.RemoteWebDriver.findElementById(RemoteWebDriver.java:372)
	at org.openqa.selenium.By$ById.findElement(By.java:188)
	at org.openqa.selenium.remote.RemoteWebDriver.findElement(RemoteWebDriver.java:315)
	at com.main.Test123.CheckBox(Test123.java:66)
	at java.base/jdk.internal.reflect.NativeMethodAccessorImpl.invoke0(Native Method)
	at java.base/jdk.internal.reflect.NativeMethodAccessorImpl.invoke(NativeMethodAccessorImpl.java:62)
	at java.base/jdk.internal.reflect.DelegatingMethodAccessorImpl.invoke(DelegatingMethodAccessorImpl.java:43)
	at java.base/java.lang.reflect.Method.invoke(Method.java:566)
	at org.testng.internal.MethodInvocationHelper.invokeMethod(MethodInvocationHelper.java:80)
	at org.testng.internal.Invoker.invokeMethod(Invoker.java:714)
	at org.testng.internal.Invoker.invokeTestMethod(Invoker.java:901)
	at org.testng.internal.Invoker.invokeTestMethods(Invoker.java:1231)
	at org.testng.internal.TestMethodWorker.invokeTestMethods(TestMethodWorker.java:127)
	at org.testng.internal.TestMethodWorker.run(TestMethodWorker.java:111)
	at org.testng.TestRunner.privateRun(TestRunner.java:767)
	at org.testng.TestRunner.run(TestRunner.java:617)
	at org.testng.SuiteRunner.runTest(SuiteRunner.java:334)
	at org.testng.SuiteRunner.runSequentially(SuiteRunner.java:329)
	at org.testng.SuiteRunner.privateRun(SuiteRunner.java:291)
	at org.testng.SuiteRunner.run(SuiteRunner.java:240)
	at org.testng.SuiteRunnerWorker.runSuite(SuiteRunnerWorker.java:52)
	at org.testng.SuiteRunnerWorker.run(SuiteRunnerWorker.java:86)
	at org.testng.TestNG.runSuitesSequentially(TestNG.java:1198)
	at org.testng.TestNG.runSuitesLocally(TestNG.java:1123)
	at org.testng.TestNG.run(TestNG.java:1031)
	at org.testng.remote.AbstractRemoteTestNG.run(AbstractRemoteTestNG.java:115)
	at org.testng.remote.RemoteTestNG.initAndRun(RemoteTestNG.java:251)
	at org.testng.remote.RemoteTestNG.main(RemoteTestNG.java:77)
]]>
            </full-stacktrace>
          </exception> <!-- org.openqa.selenium.NoSuchElementException -->
          <reporter-output>
          </reporter-output>
        </test-method> <!-- CheckBox -->
        <test-method signature="paramTest(java.lang.String)[pri:0, instance:com.main.Test123@21a21c64]" started-at="2020-06-17T00:57:40Z" name="paramTest" finished-at="2020-06-17T00:57:40Z" duration-ms="703" status="PASS">
          <params>
            <param index="0">
              <value>
                <![CDATA[SP_Test]]>
              </value>
            </param>
          </params>
          <reporter-output>
          </reporter-output>
        </test-method> <!-- paramTest -->
        <test-method is-config="true" signature="tearDown()[pri:0, instance:com.main.Test123@21a21c64]" started-at="2020-06-17T00:57:40Z" name="tearDown" finished-at="2020-06-17T00:57:41Z" duration-ms="745" status="PASS">
          <reporter-output>
          </reporter-output>
        </test-method> <!-- tearDown -->
      </class> <!-- com.main.Test123 -->
    </test> <!-- ChromeTest -->
    <test started-at="2020-06-16T19:27:42Z" name="FirefoxTest" finished-at="2020-06-16T19:27:42Z" duration-ms="0">
    </test> <!-- FirefoxTest -->
  </suite> <!-- Suite -->
</testng-results>
